{"C:\\Users\\Admin\\Desktop\\nexus-hr-system\\nexus-hr-system\\employee-service\\application\\services\\DepartmentService.js": {"path":"C:\\Users\\Admin\\Desktop\\nexus-hr-system\\nexus-hr-system\\employee-service\\application\\services\\DepartmentService.js","statementMap":{"0":{"start":{"line":1,"column":29},"end":{"line":1,"column":94}},"1":{"start":{"line":3,"column":21},"end":{"line":3,"column":87}},"2":{"start":{"line":3,"column":42},"end":{"line":3,"column":87}},"3":{"start":{"line":7,"column":4},"end":{"line":7,"column":65}},"4":{"start":{"line":11,"column":4},"end":{"line":11,"column":45}},"5":{"start":{"line":15,"column":17},"end":{"line":15,"column":54}},"6":{"start":{"line":16,"column":4},"end":{"line":16,"column":63}},"7":{"start":{"line":16,"column":15},"end":{"line":16,"column":63}},"8":{"start":{"line":17,"column":4},"end":{"line":17,"column":58}},"9":{"start":{"line":21,"column":0},"end":{"line":21,"column":41}}},"fnMap":{"0":{"name":"(anonymous_0)","decl":{"start":{"line":3,"column":21},"end":{"line":3,"column":22}},"loc":{"start":{"line":3,"column":42},"end":{"line":3,"column":87}},"line":3},"1":{"name":"(anonymous_1)","decl":{"start":{"line":6,"column":2},"end":{"line":6,"column":3}},"loc":{"start":{"line":6,"column":63},"end":{"line":8,"column":3}},"line":6},"2":{"name":"(anonymous_2)","decl":{"start":{"line":10,"column":2},"end":{"line":10,"column":3}},"loc":{"start":{"line":10,"column":31},"end":{"line":12,"column":3}},"line":10},"3":{"name":"(anonymous_3)","decl":{"start":{"line":14,"column":2},"end":{"line":14,"column":3}},"loc":{"start":{"line":14,"column":29},"end":{"line":18,"column":3}},"line":14}},"branchMap":{"0":{"loc":{"start":{"line":6,"column":24},"end":{"line":6,"column":61}},"type":"default-arg","locations":[{"start":{"line":6,"column":59},"end":{"line":6,"column":61}}],"line":6},"1":{"loc":{"start":{"line":6,"column":26},"end":{"line":6,"column":34}},"type":"default-arg","locations":[{"start":{"line":6,"column":33},"end":{"line":6,"column":34}}],"line":6},"2":{"loc":{"start":{"line":6,"column":36},"end":{"line":6,"column":46}},"type":"default-arg","locations":[{"start":{"line":6,"column":44},"end":{"line":6,"column":46}}],"line":6},"3":{"loc":{"start":{"line":16,"column":4},"end":{"line":16,"column":63}},"type":"if","locations":[{"start":{"line":16,"column":4},"end":{"line":16,"column":63}},{"start":{},"end":{}}],"line":16}},"s":{"0":1,"1":1,"2":0,"3":2,"4":1,"5":0,"6":0,"7":0,"8":0,"9":1},"f":{"0":0,"1":2,"2":1,"3":0},"b":{"0":[0],"1":[0],"2":[0],"3":[0,0]},"_coverageSchema":"1a1c01bbd47fc00a2c39e90264f33305004495a9","hash":"7f497305bf01f2194fe1c26fa9d36bd99f49f4e0"}
,"C:\\Users\\Admin\\Desktop\\nexus-hr-system\\nexus-hr-system\\employee-service\\application\\services\\EmployeeService.js": {"path":"C:\\Users\\Admin\\Desktop\\nexus-hr-system\\nexus-hr-system\\employee-service\\application\\services\\EmployeeService.js","statementMap":{"0":{"start":{"line":1,"column":27},"end":{"line":1,"column":90}},"1":{"start":{"line":3,"column":21},"end":{"line":3,"column":87}},"2":{"start":{"line":3,"column":42},"end":{"line":3,"column":87}},"3":{"start":{"line":7,"column":4},"end":{"line":7,"column":96}},"4":{"start":{"line":11,"column":21},"end":{"line":11,"column":58}},"5":{"start":{"line":12,"column":4},"end":{"line":12,"column":65}},"6":{"start":{"line":12,"column":19},"end":{"line":12,"column":65}},"7":{"start":{"line":13,"column":4},"end":{"line":13,"column":20}},"8":{"start":{"line":17,"column":21},"end":{"line":17,"column":64}},"9":{"start":{"line":18,"column":4},"end":{"line":18,"column":88}},"10":{"start":{"line":18,"column":19},"end":{"line":18,"column":88}},"11":{"start":{"line":19,"column":4},"end":{"line":19,"column":20}},"12":{"start":{"line":23,"column":4},"end":{"line":23,"column":43}},"13":{"start":{"line":27,"column":21},"end":{"line":27,"column":62}},"14":{"start":{"line":28,"column":4},"end":{"line":28,"column":65}},"15":{"start":{"line":28,"column":19},"end":{"line":28,"column":65}},"16":{"start":{"line":29,"column":4},"end":{"line":29,"column":20}},"17":{"start":{"line":33,"column":21},"end":{"line":33,"column":56}},"18":{"start":{"line":34,"column":4},"end":{"line":34,"column":65}},"19":{"start":{"line":34,"column":19},"end":{"line":34,"column":65}},"20":{"start":{"line":35,"column":4},"end":{"line":35,"column":56}},"21":{"start":{"line":39,"column":0},"end":{"line":39,"column":39}}},"fnMap":{"0":{"name":"(anonymous_0)","decl":{"start":{"line":3,"column":21},"end":{"line":3,"column":22}},"loc":{"start":{"line":3,"column":42},"end":{"line":3,"column":87}},"line":3},"1":{"name":"(anonymous_1)","decl":{"start":{"line":6,"column":2},"end":{"line":6,"column":3}},"loc":{"start":{"line":6,"column":94},"end":{"line":8,"column":3}},"line":6},"2":{"name":"(anonymous_2)","decl":{"start":{"line":10,"column":2},"end":{"line":10,"column":3}},"loc":{"start":{"line":10,"column":24},"end":{"line":14,"column":3}},"line":10},"3":{"name":"(anonymous_3)","decl":{"start":{"line":16,"column":2},"end":{"line":16,"column":3}},"loc":{"start":{"line":16,"column":34},"end":{"line":20,"column":3}},"line":16},"4":{"name":"(anonymous_4)","decl":{"start":{"line":22,"column":2},"end":{"line":22,"column":3}},"loc":{"start":{"line":22,"column":29},"end":{"line":24,"column":3}},"line":22},"5":{"name":"(anonymous_5)","decl":{"start":{"line":26,"column":2},"end":{"line":26,"column":3}},"loc":{"start":{"line":26,"column":33},"end":{"line":30,"column":3}},"line":26},"6":{"name":"(anonymous_6)","decl":{"start":{"line":32,"column":2},"end":{"line":32,"column":3}},"loc":{"start":{"line":32,"column":27},"end":{"line":36,"column":3}},"line":32}},"branchMap":{"0":{"loc":{"start":{"line":6,"column":22},"end":{"line":6,"column":92}},"type":"default-arg","locations":[{"start":{"line":6,"column":90},"end":{"line":6,"column":92}}],"line":6},"1":{"loc":{"start":{"line":6,"column":24},"end":{"line":6,"column":32}},"type":"default-arg","locations":[{"start":{"line":6,"column":31},"end":{"line":6,"column":32}}],"line":6},"2":{"loc":{"start":{"line":6,"column":34},"end":{"line":6,"column":44}},"type":"default-arg","locations":[{"start":{"line":6,"column":42},"end":{"line":6,"column":44}}],"line":6},"3":{"loc":{"start":{"line":12,"column":4},"end":{"line":12,"column":65}},"type":"if","locations":[{"start":{"line":12,"column":4},"end":{"line":12,"column":65}},{"start":{},"end":{}}],"line":12},"4":{"loc":{"start":{"line":18,"column":4},"end":{"line":18,"column":88}},"type":"if","locations":[{"start":{"line":18,"column":4},"end":{"line":18,"column":88}},{"start":{},"end":{}}],"line":18},"5":{"loc":{"start":{"line":28,"column":4},"end":{"line":28,"column":65}},"type":"if","locations":[{"start":{"line":28,"column":4},"end":{"line":28,"column":65}},{"start":{},"end":{}}],"line":28},"6":{"loc":{"start":{"line":34,"column":4},"end":{"line":34,"column":65}},"type":"if","locations":[{"start":{"line":34,"column":4},"end":{"line":34,"column":65}},{"start":{},"end":{}}],"line":34}},"s":{"0":1,"1":1,"2":0,"3":3,"4":0,"5":0,"6":0,"7":0,"8":0,"9":0,"10":0,"11":0,"12":3,"13":0,"14":0,"15":0,"16":0,"17":0,"18":0,"19":0,"20":0,"21":1},"f":{"0":0,"1":3,"2":0,"3":0,"4":3,"5":0,"6":0},"b":{"0":[0],"1":[0],"2":[0],"3":[0,0],"4":[0,0],"5":[0,0],"6":[0,0]},"_coverageSchema":"1a1c01bbd47fc00a2c39e90264f33305004495a9","hash":"e192b67a3a99d4855cba8905157490493a3f6ce6"}
,"C:\\Users\\Admin\\Desktop\\nexus-hr-system\\nexus-hr-system\\employee-service\\domain\\repositories\\IDepartmentRepository.js": {"path":"C:\\Users\\Admin\\Desktop\\nexus-hr-system\\nexus-hr-system\\employee-service\\domain\\repositories\\IDepartmentRepository.js","statementMap":{"0":{"start":{"line":2,"column":27},"end":{"line":2,"column":62}},"1":{"start":{"line":3,"column":23},"end":{"line":3,"column":58}},"2":{"start":{"line":4,"column":23},"end":{"line":4,"column":58}},"3":{"start":{"line":5,"column":21},"end":{"line":5,"column":56}},"4":{"start":{"line":8,"column":0},"end":{"line":8,"column":39}}},"fnMap":{"0":{"name":"(anonymous_0)","decl":{"start":{"line":2,"column":2},"end":{"line":2,"column":3}},"loc":{"start":{"line":2,"column":25},"end":{"line":2,"column":64}},"line":2},"1":{"name":"(anonymous_1)","decl":{"start":{"line":3,"column":2},"end":{"line":3,"column":3}},"loc":{"start":{"line":3,"column":21},"end":{"line":3,"column":60}},"line":3},"2":{"name":"(anonymous_2)","decl":{"start":{"line":4,"column":2},"end":{"line":4,"column":3}},"loc":{"start":{"line":4,"column":21},"end":{"line":4,"column":60}},"line":4},"3":{"name":"(anonymous_3)","decl":{"start":{"line":5,"column":2},"end":{"line":5,"column":3}},"loc":{"start":{"line":5,"column":19},"end":{"line":5,"column":58}},"line":5}},"branchMap":{},"s":{"0":0,"1":0,"2":0,"3":0,"4":1},"f":{"0":0,"1":0,"2":0,"3":0},"b":{},"_coverageSchema":"1a1c01bbd47fc00a2c39e90264f33305004495a9","hash":"363ed022a16501a168b0bf6f7c2dc3e4d1a0e948"}
,"C:\\Users\\Admin\\Desktop\\nexus-hr-system\\nexus-hr-system\\employee-service\\domain\\repositories\\IEmployeeRepository.js": {"path":"C:\\Users\\Admin\\Desktop\\nexus-hr-system\\nexus-hr-system\\employee-service\\domain\\repositories\\IEmployeeRepository.js","statementMap":{"0":{"start":{"line":2,"column":27},"end":{"line":2,"column":62}},"1":{"start":{"line":3,"column":23},"end":{"line":3,"column":58}},"2":{"start":{"line":4,"column":29},"end":{"line":4,"column":64}},"3":{"start":{"line":5,"column":23},"end":{"line":5,"column":58}},"4":{"start":{"line":6,"column":27},"end":{"line":6,"column":62}},"5":{"start":{"line":7,"column":21},"end":{"line":7,"column":56}},"6":{"start":{"line":10,"column":0},"end":{"line":10,"column":37}}},"fnMap":{"0":{"name":"(anonymous_0)","decl":{"start":{"line":2,"column":2},"end":{"line":2,"column":3}},"loc":{"start":{"line":2,"column":25},"end":{"line":2,"column":64}},"line":2},"1":{"name":"(anonymous_1)","decl":{"start":{"line":3,"column":2},"end":{"line":3,"column":3}},"loc":{"start":{"line":3,"column":21},"end":{"line":3,"column":60}},"line":3},"2":{"name":"(anonymous_2)","decl":{"start":{"line":4,"column":2},"end":{"line":4,"column":3}},"loc":{"start":{"line":4,"column":27},"end":{"line":4,"column":66}},"line":4},"3":{"name":"(anonymous_3)","decl":{"start":{"line":5,"column":2},"end":{"line":5,"column":3}},"loc":{"start":{"line":5,"column":21},"end":{"line":5,"column":60}},"line":5},"4":{"name":"(anonymous_4)","decl":{"start":{"line":6,"column":2},"end":{"line":6,"column":3}},"loc":{"start":{"line":6,"column":25},"end":{"line":6,"column":64}},"line":6},"5":{"name":"(anonymous_5)","decl":{"start":{"line":7,"column":2},"end":{"line":7,"column":3}},"loc":{"start":{"line":7,"column":19},"end":{"line":7,"column":58}},"line":7}},"branchMap":{},"s":{"0":0,"1":0,"2":0,"3":0,"4":0,"5":0,"6":1},"f":{"0":0,"1":0,"2":0,"3":0,"4":0,"5":0},"b":{},"_coverageSchema":"1a1c01bbd47fc00a2c39e90264f33305004495a9","hash":"816181f235cbadda6e090fcba8bb6082e6a53259"}
,"C:\\Users\\Admin\\Desktop\\nexus-hr-system\\nexus-hr-system\\employee-service\\infrastructure\\repositories\\DepartmentRepository.js": {"path":"C:\\Users\\Admin\\Desktop\\nexus-hr-system\\nexus-hr-system\\employee-service\\infrastructure\\repositories\\DepartmentRepository.js","statementMap":{"0":{"start":{"line":1,"column":19},"end":{"line":1,"column":39}},"1":{"start":{"line":2,"column":30},"end":{"line":2,"column":88}},"2":{"start":{"line":3,"column":19},"end":{"line":3,"column":53}},"3":{"start":{"line":4,"column":19},"end":{"line":4,"column":51}},"4":{"start":{"line":6,"column":21},"end":{"line":6,"column":87}},"5":{"start":{"line":6,"column":42},"end":{"line":6,"column":87}},"6":{"start":{"line":7,"column":15},"end":{"line":7,"column":67}},"7":{"start":{"line":11,"column":18},"end":{"line":11,"column":36}},"8":{"start":{"line":12,"column":18},"end":{"line":12,"column":20}},"9":{"start":{"line":13,"column":4},"end":{"line":13,"column":57}},"10":{"start":{"line":13,"column":16},"end":{"line":13,"column":57}},"11":{"start":{"line":15,"column":28},"end":{"line":20,"column":6}},"12":{"start":{"line":23,"column":21},"end":{"line":23,"column":42}},"13":{"start":{"line":23,"column":37},"end":{"line":23,"column":41}},"14":{"start":{"line":24,"column":22},"end":{"line":27,"column":6}},"15":{"start":{"line":29,"column":21},"end":{"line":29,"column":23}},"16":{"start":{"line":30,"column":4},"end":{"line":32,"column":7}},"17":{"start":{"line":31,"column":6},"end":{"line":31,"column":69}},"18":{"start":{"line":34,"column":4},"end":{"line":40,"column":6}},"19":{"start":{"line":35,"column":36},"end":{"line":35,"column":89}},"20":{"start":{"line":44,"column":4},"end":{"line":44,"column":35}},"21":{"start":{"line":48,"column":4},"end":{"line":48,"column":35}},"22":{"start":{"line":52,"column":17},"end":{"line":52,"column":46}},"23":{"start":{"line":53,"column":4},"end":{"line":53,"column":27}},"24":{"start":{"line":53,"column":15},"end":{"line":53,"column":27}},"25":{"start":{"line":55,"column":18},"end":{"line":55,"column":71}},"26":{"start":{"line":56,"column":4},"end":{"line":58,"column":5}},"27":{"start":{"line":57,"column":6},"end":{"line":57,"column":103}},"28":{"start":{"line":60,"column":4},"end":{"line":60,"column":25}},"29":{"start":{"line":61,"column":4},"end":{"line":61,"column":16}},"30":{"start":{"line":65,"column":0},"end":{"line":65,"column":44}}},"fnMap":{"0":{"name":"(anonymous_0)","decl":{"start":{"line":6,"column":21},"end":{"line":6,"column":22}},"loc":{"start":{"line":6,"column":42},"end":{"line":6,"column":87}},"line":6},"1":{"name":"(anonymous_1)","decl":{"start":{"line":10,"column":2},"end":{"line":10,"column":3}},"loc":{"start":{"line":10,"column":55},"end":{"line":41,"column":3}},"line":10},"2":{"name":"(anonymous_2)","decl":{"start":{"line":23,"column":30},"end":{"line":23,"column":31}},"loc":{"start":{"line":23,"column":37},"end":{"line":23,"column":41}},"line":23},"3":{"name":"(anonymous_3)","decl":{"start":{"line":30,"column":22},"end":{"line":30,"column":23}},"loc":{"start":{"line":30,"column":29},"end":{"line":32,"column":5}},"line":30},"4":{"name":"(anonymous_4)","decl":{"start":{"line":35,"column":28},"end":{"line":35,"column":29}},"loc":{"start":{"line":35,"column":36},"end":{"line":35,"column":89}},"line":35},"5":{"name":"(anonymous_5)","decl":{"start":{"line":43,"column":2},"end":{"line":43,"column":3}},"loc":{"start":{"line":43,"column":21},"end":{"line":45,"column":3}},"line":43},"6":{"name":"(anonymous_6)","decl":{"start":{"line":47,"column":2},"end":{"line":47,"column":3}},"loc":{"start":{"line":47,"column":21},"end":{"line":49,"column":3}},"line":47},"7":{"name":"(anonymous_7)","decl":{"start":{"line":51,"column":2},"end":{"line":51,"column":3}},"loc":{"start":{"line":51,"column":19},"end":{"line":62,"column":3}},"line":51}},"branchMap":{"0":{"loc":{"start":{"line":7,"column":15},"end":{"line":7,"column":67}},"type":"cond-expr","locations":[{"start":{"line":7,"column":49},"end":{"line":7,"column":56}},{"start":{"line":7,"column":59},"end":{"line":7,"column":67}}],"line":7},"1":{"loc":{"start":{"line":10,"column":16},"end":{"line":10,"column":53}},"type":"default-arg","locations":[{"start":{"line":10,"column":51},"end":{"line":10,"column":53}}],"line":10},"2":{"loc":{"start":{"line":10,"column":18},"end":{"line":10,"column":26}},"type":"default-arg","locations":[{"start":{"line":10,"column":25},"end":{"line":10,"column":26}}],"line":10},"3":{"loc":{"start":{"line":10,"column":28},"end":{"line":10,"column":38}},"type":"default-arg","locations":[{"start":{"line":10,"column":36},"end":{"line":10,"column":38}}],"line":10},"4":{"loc":{"start":{"line":13,"column":4},"end":{"line":13,"column":57}},"type":"if","locations":[{"start":{"line":13,"column":4},"end":{"line":13,"column":57}},{"start":{},"end":{}}],"line":13},"5":{"loc":{"start":{"line":31,"column":34},"end":{"line":31,"column":63}},"type":"binary-expr","locations":[{"start":{"line":31,"column":34},"end":{"line":31,"column":58}},{"start":{"line":31,"column":62},"end":{"line":31,"column":63}}],"line":31},"6":{"loc":{"start":{"line":35,"column":68},"end":{"line":35,"column":87}},"type":"binary-expr","locations":[{"start":{"line":35,"column":68},"end":{"line":35,"column":82}},{"start":{"line":35,"column":86},"end":{"line":35,"column":87}}],"line":35},"7":{"loc":{"start":{"line":53,"column":4},"end":{"line":53,"column":27}},"type":"if","locations":[{"start":{"line":53,"column":4},"end":{"line":53,"column":27}},{"start":{},"end":{}}],"line":53},"8":{"loc":{"start":{"line":56,"column":4},"end":{"line":58,"column":5}},"type":"if","locations":[{"start":{"line":56,"column":4},"end":{"line":58,"column":5}},{"start":{},"end":{}}],"line":56}},"s":{"0":1,"1":1,"2":1,"3":1,"4":1,"5":0,"6":1,"7":2,"8":2,"9":2,"10":0,"11":2,"12":2,"13":1,"14":2,"15":2,"16":2,"17":0,"18":2,"19":1,"20":0,"21":1,"22":0,"23":0,"24":0,"25":0,"26":0,"27":0,"28":0,"29":0,"30":1},"f":{"0":0,"1":2,"2":1,"3":0,"4":1,"5":0,"6":1,"7":0},"b":{"0":[1,0],"1":[0],"2":[0],"3":[0],"4":[0,2],"5":[0,0],"6":[1,1],"7":[0,0],"8":[0,0]},"_coverageSchema":"1a1c01bbd47fc00a2c39e90264f33305004495a9","hash":"20820eb48387845e674097bdde98c177df3335f6"}
,"C:\\Users\\Admin\\Desktop\\nexus-hr-system\\nexus-hr-system\\employee-service\\infrastructure\\repositories\\EmployeeRepository.js": {"path":"C:\\Users\\Admin\\Desktop\\nexus-hr-system\\nexus-hr-system\\employee-service\\infrastructure\\repositories\\EmployeeRepository.js","statementMap":{"0":{"start":{"line":1,"column":19},"end":{"line":1,"column":39}},"1":{"start":{"line":2,"column":28},"end":{"line":2,"column":84}},"2":{"start":{"line":3,"column":19},"end":{"line":3,"column":51}},"3":{"start":{"line":4,"column":19},"end":{"line":4,"column":53}},"4":{"start":{"line":6,"column":28},"end":{"line":9,"column":1}},"5":{"start":{"line":12,"column":15},"end":{"line":12,"column":67}},"6":{"start":{"line":16,"column":18},"end":{"line":16,"column":36}},"7":{"start":{"line":17,"column":18},"end":{"line":17,"column":20}},"8":{"start":{"line":19,"column":4},"end":{"line":19,"column":50}},"9":{"start":{"line":19,"column":22},"end":{"line":19,"column":50}},"10":{"start":{"line":20,"column":4},"end":{"line":20,"column":56}},"11":{"start":{"line":20,"column":22},"end":{"line":20,"column":56}},"12":{"start":{"line":21,"column":4},"end":{"line":21,"column":53}},"13":{"start":{"line":21,"column":22},"end":{"line":21,"column":53}},"14":{"start":{"line":22,"column":4},"end":{"line":29,"column":5}},"15":{"start":{"line":23,"column":6},"end":{"line":28,"column":8}},"16":{"start":{"line":31,"column":28},"end":{"line":38,"column":6}},"17":{"start":{"line":40,"column":4},"end":{"line":46,"column":6}},"18":{"start":{"line":50,"column":4},"end":{"line":50,"column":67}},"19":{"start":{"line":54,"column":4},"end":{"line":54,"column":80}},"20":{"start":{"line":58,"column":21},"end":{"line":58,"column":48}},"21":{"start":{"line":59,"column":4},"end":{"line":59,"column":76}},"22":{"start":{"line":63,"column":21},"end":{"line":63,"column":48}},"23":{"start":{"line":64,"column":4},"end":{"line":64,"column":31}},"24":{"start":{"line":64,"column":19},"end":{"line":64,"column":31}},"25":{"start":{"line":65,"column":4},"end":{"line":65,"column":32}},"26":{"start":{"line":66,"column":4},"end":{"line":66,"column":67}},"27":{"start":{"line":70,"column":21},"end":{"line":70,"column":48}},"28":{"start":{"line":71,"column":4},"end":{"line":71,"column":31}},"29":{"start":{"line":71,"column":19},"end":{"line":71,"column":31}},"30":{"start":{"line":72,"column":4},"end":{"line":72,"column":29}},"31":{"start":{"line":73,"column":4},"end":{"line":73,"column":20}},"32":{"start":{"line":77,"column":0},"end":{"line":77,"column":42}}},"fnMap":{"0":{"name":"(anonymous_0)","decl":{"start":{"line":15,"column":2},"end":{"line":15,"column":3}},"loc":{"start":{"line":15,"column":88},"end":{"line":47,"column":3}},"line":15},"1":{"name":"(anonymous_1)","decl":{"start":{"line":49,"column":2},"end":{"line":49,"column":3}},"loc":{"start":{"line":49,"column":21},"end":{"line":51,"column":3}},"line":49},"2":{"name":"(anonymous_2)","decl":{"start":{"line":53,"column":2},"end":{"line":53,"column":3}},"loc":{"start":{"line":53,"column":27},"end":{"line":55,"column":3}},"line":53},"3":{"name":"(anonymous_3)","decl":{"start":{"line":57,"column":2},"end":{"line":57,"column":3}},"loc":{"start":{"line":57,"column":21},"end":{"line":60,"column":3}},"line":57},"4":{"name":"(anonymous_4)","decl":{"start":{"line":62,"column":2},"end":{"line":62,"column":3}},"loc":{"start":{"line":62,"column":25},"end":{"line":67,"column":3}},"line":62},"5":{"name":"(anonymous_5)","decl":{"start":{"line":69,"column":2},"end":{"line":69,"column":3}},"loc":{"start":{"line":69,"column":19},"end":{"line":74,"column":3}},"line":69}},"branchMap":{"0":{"loc":{"start":{"line":12,"column":15},"end":{"line":12,"column":67}},"type":"cond-expr","locations":[{"start":{"line":12,"column":49},"end":{"line":12,"column":56}},{"start":{"line":12,"column":59},"end":{"line":12,"column":67}}],"line":12},"1":{"loc":{"start":{"line":15,"column":16},"end":{"line":15,"column":86}},"type":"default-arg","locations":[{"start":{"line":15,"column":84},"end":{"line":15,"column":86}}],"line":15},"2":{"loc":{"start":{"line":15,"column":18},"end":{"line":15,"column":26}},"type":"default-arg","locations":[{"start":{"line":15,"column":25},"end":{"line":15,"column":26}}],"line":15},"3":{"loc":{"start":{"line":15,"column":28},"end":{"line":15,"column":38}},"type":"default-arg","locations":[{"start":{"line":15,"column":36},"end":{"line":15,"column":38}}],"line":15},"4":{"loc":{"start":{"line":19,"column":4},"end":{"line":19,"column":50}},"type":"if","locations":[{"start":{"line":19,"column":4},"end":{"line":19,"column":50}},{"start":{},"end":{}}],"line":19},"5":{"loc":{"start":{"line":20,"column":4},"end":{"line":20,"column":56}},"type":"if","locations":[{"start":{"line":20,"column":4},"end":{"line":20,"column":56}},{"start":{},"end":{}}],"line":20},"6":{"loc":{"start":{"line":21,"column":4},"end":{"line":21,"column":53}},"type":"if","locations":[{"start":{"line":21,"column":4},"end":{"line":21,"column":53}},{"start":{},"end":{}}],"line":21},"7":{"loc":{"start":{"line":22,"column":4},"end":{"line":29,"column":5}},"type":"if","locations":[{"start":{"line":22,"column":4},"end":{"line":29,"column":5}},{"start":{},"end":{}}],"line":22},"8":{"loc":{"start":{"line":64,"column":4},"end":{"line":64,"column":31}},"type":"if","locations":[{"start":{"line":64,"column":4},"end":{"line":64,"column":31}},{"start":{},"end":{}}],"line":64},"9":{"loc":{"start":{"line":71,"column":4},"end":{"line":71,"column":31}},"type":"if","locations":[{"start":{"line":71,"column":4},"end":{"line":71,"column":31}},{"start":{},"end":{}}],"line":71}},"s":{"0":1,"1":1,"2":1,"3":1,"4":1,"5":1,"6":3,"7":3,"8":3,"9":0,"10":3,"11":0,"12":3,"13":0,"14":3,"15":0,"16":3,"17":3,"18":0,"19":0,"20":3,"21":2,"22":0,"23":0,"24":0,"25":0,"26":0,"27":0,"28":0,"29":0,"30":0,"31":0,"32":1},"f":{"0":3,"1":0,"2":0,"3":3,"4":0,"5":0},"b":{"0":[1,0],"1":[0],"2":[0],"3":[0],"4":[0,3],"5":[0,3],"6":[0,3],"7":[0,3],"8":[0,0],"9":[0,0]},"_coverageSchema":"1a1c01bbd47fc00a2c39e90264f33305004495a9","hash":"4c2f3829a7b77e0da46ad5369d02a58710bdf2e0"}
,"C:\\Users\\Admin\\Desktop\\nexus-hr-system\\nexus-hr-system\\employee-service\\middleware\\auth.js": {"path":"C:\\Users\\Admin\\Desktop\\nexus-hr-system\\nexus-hr-system\\employee-service\\middleware\\auth.js","statementMap":{"0":{"start":{"line":5,"column":20},"end":{"line":14,"column":1}},"1":{"start":{"line":5,"column":34},"end":{"line":14,"column":1}},"2":{"start":{"line":6,"column":15},"end":{"line":6,"column":41}},"3":{"start":{"line":7,"column":2},"end":{"line":9,"column":3}},"4":{"start":{"line":8,"column":4},"end":{"line":8,"column":72}},"5":{"start":{"line":10,"column":2},"end":{"line":12,"column":3}},"6":{"start":{"line":11,"column":4},"end":{"line":11,"column":73}},"7":{"start":{"line":13,"column":2},"end":{"line":13,"column":9}},"8":{"start":{"line":16,"column":0},"end":{"line":16,"column":33}}},"fnMap":{"0":{"name":"(anonymous_0)","decl":{"start":{"line":5,"column":20},"end":{"line":5,"column":21}},"loc":{"start":{"line":5,"column":34},"end":{"line":14,"column":1}},"line":5},"1":{"name":"(anonymous_1)","decl":{"start":{"line":5,"column":34},"end":{"line":5,"column":35}},"loc":{"start":{"line":5,"column":54},"end":{"line":14,"column":1}},"line":5}},"branchMap":{"0":{"loc":{"start":{"line":7,"column":2},"end":{"line":9,"column":3}},"type":"if","locations":[{"start":{"line":7,"column":2},"end":{"line":9,"column":3}},{"start":{},"end":{}}],"line":7},"1":{"loc":{"start":{"line":10,"column":2},"end":{"line":12,"column":3}},"type":"if","locations":[{"start":{"line":10,"column":2},"end":{"line":12,"column":3}},{"start":{},"end":{}}],"line":10}},"s":{"0":1,"1":5,"2":9,"3":9,"4":1,"5":8,"6":3,"7":5,"8":1},"f":{"0":5,"1":9},"b":{"0":[1,8],"1":[3,5]},"_coverageSchema":"1a1c01bbd47fc00a2c39e90264f33305004495a9","hash":"754dbf8698d8838056435e4a3698359b11394bbd"}
,"C:\\Users\\Admin\\Desktop\\nexus-hr-system\\nexus-hr-system\\employee-service\\models\\Department.js": {"path":"C:\\Users\\Admin\\Desktop\\nexus-hr-system\\nexus-hr-system\\employee-service\\models\\Department.js","statementMap":{"0":{"start":{"line":1,"column":22},"end":{"line":1,"column":42}},"1":{"start":{"line":2,"column":22},"end":{"line":2,"column":51}},"2":{"start":{"line":4,"column":19},"end":{"line":10,"column":2}},"3":{"start":{"line":12,"column":0},"end":{"line":12,"column":28}}},"fnMap":{},"branchMap":{},"s":{"0":1,"1":1,"2":1,"3":1},"f":{},"b":{},"_coverageSchema":"1a1c01bbd47fc00a2c39e90264f33305004495a9","hash":"f1b839c880e96ee640277f231dc9b4079404d151"}
,"C:\\Users\\Admin\\Desktop\\nexus-hr-system\\nexus-hr-system\\employee-service\\models\\Employee.js": {"path":"C:\\Users\\Admin\\Desktop\\nexus-hr-system\\nexus-hr-system\\employee-service\\models\\Employee.js","statementMap":{"0":{"start":{"line":1,"column":22},"end":{"line":1,"column":42}},"1":{"start":{"line":2,"column":22},"end":{"line":2,"column":51}},"2":{"start":{"line":4,"column":17},"end":{"line":21,"column":2}},"3":{"start":{"line":23,"column":0},"end":{"line":23,"column":26}}},"fnMap":{},"branchMap":{},"s":{"0":1,"1":1,"2":1,"3":1},"f":{},"b":{},"_coverageSchema":"1a1c01bbd47fc00a2c39e90264f33305004495a9","hash":"e72ef8eb7820ddc1f0e15209dbc23a025bf8d6f0"}
,"C:\\Users\\Admin\\Desktop\\nexus-hr-system\\nexus-hr-system\\employee-service\\routes\\department.js": {"path":"C:\\Users\\Admin\\Desktop\\nexus-hr-system\\nexus-hr-system\\employee-service\\routes\\department.js","statementMap":{"0":{"start":{"line":1,"column":26},"end":{"line":1,"column":44}},"1":{"start":{"line":2,"column":26},"end":{"line":2,"column":40}},"2":{"start":{"line":3,"column":26},"end":{"line":3,"column":45}},"3":{"start":{"line":4,"column":26},"end":{"line":4,"column":55}},"4":{"start":{"line":5,"column":26},"end":{"line":5,"column":78}},"5":{"start":{"line":7,"column":15},"end":{"line":7,"column":31}},"6":{"start":{"line":8,"column":15},"end":{"line":8,"column":65}},"7":{"start":{"line":10,"column":18},"end":{"line":14,"column":2}},"8":{"start":{"line":10,"column":26},"end":{"line":14,"column":1}},"9":{"start":{"line":16,"column":25},"end":{"line":18,"column":2}},"10":{"start":{"line":20,"column":15},"end":{"line":27,"column":1}},"11":{"start":{"line":20,"column":23},"end":{"line":27,"column":1}},"12":{"start":{"line":21,"column":2},"end":{"line":26,"column":3}},"13":{"start":{"line":22,"column":19},"end":{"line":22,"column":37}},"14":{"start":{"line":23,"column":4},"end":{"line":23,"column":43}},"15":{"start":{"line":23,"column":26},"end":{"line":23,"column":43}},"16":{"start":{"line":25,"column":4},"end":{"line":25,"column":105}},"17":{"start":{"line":25,"column":26},"end":{"line":25,"column":105}},"18":{"start":{"line":31,"column":0},"end":{"line":62,"column":4}},"19":{"start":{"line":32,"column":43},"end":{"line":32,"column":52}},"20":{"start":{"line":34,"column":25},"end":{"line":34,"column":56}},"21":{"start":{"line":35,"column":19},"end":{"line":35,"column":60}},"22":{"start":{"line":37,"column":2},"end":{"line":40,"column":3}},"23":{"start":{"line":38,"column":19},"end":{"line":38,"column":44}},"24":{"start":{"line":39,"column":4},"end":{"line":39,"column":30}},"25":{"start":{"line":39,"column":16},"end":{"line":39,"column":30}},"26":{"start":{"line":42,"column":17},"end":{"line":44,"column":4}},"27":{"start":{"line":46,"column":15},"end":{"line":58,"column":3}},"28":{"start":{"line":48,"column":48},"end":{"line":51,"column":5}},"29":{"start":{"line":60,"column":2},"end":{"line":60,"column":58}},"30":{"start":{"line":60,"column":22},"end":{"line":60,"column":58}},"31":{"start":{"line":61,"column":2},"end":{"line":61,"column":14}},"32":{"start":{"line":66,"column":0},"end":{"line":80,"column":4}},"33":{"start":{"line":67,"column":27},"end":{"line":67,"column":62}},"34":{"start":{"line":68,"column":2},"end":{"line":68,"column":80}},"35":{"start":{"line":68,"column":13},"end":{"line":68,"column":80}},"36":{"start":{"line":70,"column":2},"end":{"line":79,"column":3}},"37":{"start":{"line":71,"column":17},"end":{"line":71,"column":64}},"38":{"start":{"line":72,"column":4},"end":{"line":72,"column":51}},"39":{"start":{"line":73,"column":4},"end":{"line":73,"column":72}},"40":{"start":{"line":75,"column":4},"end":{"line":77,"column":5}},"41":{"start":{"line":76,"column":6},"end":{"line":76,"column":76}},"42":{"start":{"line":78,"column":4},"end":{"line":78,"column":14}},"43":{"start":{"line":84,"column":0},"end":{"line":88,"column":4}},"44":{"start":{"line":85,"column":17},"end":{"line":85,"column":72}},"45":{"start":{"line":86,"column":2},"end":{"line":86,"column":49}},"46":{"start":{"line":87,"column":2},"end":{"line":87,"column":16}},"47":{"start":{"line":90,"column":0},"end":{"line":90,"column":24}}},"fnMap":{"0":{"name":"(anonymous_0)","decl":{"start":{"line":10,"column":18},"end":{"line":10,"column":19}},"loc":{"start":{"line":10,"column":26},"end":{"line":14,"column":1}},"line":10},"1":{"name":"(anonymous_1)","decl":{"start":{"line":20,"column":15},"end":{"line":20,"column":16}},"loc":{"start":{"line":20,"column":23},"end":{"line":27,"column":1}},"line":20},"2":{"name":"(anonymous_2)","decl":{"start":{"line":20,"column":23},"end":{"line":20,"column":24}},"loc":{"start":{"line":20,"column":43},"end":{"line":27,"column":1}},"line":20},"3":{"name":"(anonymous_3)","decl":{"start":{"line":31,"column":23},"end":{"line":31,"column":24}},"loc":{"start":{"line":31,"column":43},"end":{"line":62,"column":1}},"line":31},"4":{"name":"(anonymous_4)","decl":{"start":{"line":48,"column":40},"end":{"line":48,"column":41}},"loc":{"start":{"line":48,"column":48},"end":{"line":51,"column":5}},"line":48},"5":{"name":"(anonymous_5)","decl":{"start":{"line":66,"column":46},"end":{"line":66,"column":47}},"loc":{"start":{"line":66,"column":66},"end":{"line":80,"column":1}},"line":66},"6":{"name":"(anonymous_6)","decl":{"start":{"line":84,"column":51},"end":{"line":84,"column":52}},"loc":{"start":{"line":84,"column":66},"end":{"line":88,"column":1}},"line":84}},"branchMap":{"0":{"loc":{"start":{"line":8,"column":15},"end":{"line":8,"column":65}},"type":"binary-expr","locations":[{"start":{"line":8,"column":15},"end":{"line":8,"column":38}},{"start":{"line":8,"column":42},"end":{"line":8,"column":65}}],"line":8},"1":{"loc":{"start":{"line":23,"column":4},"end":{"line":23,"column":43}},"type":"if","locations":[{"start":{"line":23,"column":4},"end":{"line":23,"column":43}},{"start":{},"end":{}}],"line":23},"2":{"loc":{"start":{"line":25,"column":4},"end":{"line":25,"column":105}},"type":"if","locations":[{"start":{"line":25,"column":4},"end":{"line":25,"column":105}},{"start":{},"end":{}}],"line":25},"3":{"loc":{"start":{"line":25,"column":37},"end":{"line":25,"column":54}},"type":"binary-expr","locations":[{"start":{"line":25,"column":37},"end":{"line":25,"column":47}},{"start":{"line":25,"column":51},"end":{"line":25,"column":54}}],"line":25},"4":{"loc":{"start":{"line":25,"column":72},"end":{"line":25,"column":101}},"type":"binary-expr","locations":[{"start":{"line":25,"column":72},"end":{"line":25,"column":83}},{"start":{"line":25,"column":87},"end":{"line":25,"column":101}}],"line":25},"5":{"loc":{"start":{"line":32,"column":10},"end":{"line":32,"column":18}},"type":"default-arg","locations":[{"start":{"line":32,"column":17},"end":{"line":32,"column":18}}],"line":32},"6":{"loc":{"start":{"line":32,"column":20},"end":{"line":32,"column":30}},"type":"default-arg","locations":[{"start":{"line":32,"column":28},"end":{"line":32,"column":30}}],"line":32},"7":{"loc":{"start":{"line":34,"column":25},"end":{"line":34,"column":56}},"type":"binary-expr","locations":[{"start":{"line":34,"column":25},"end":{"line":34,"column":32}},{"start":{"line":34,"column":36},"end":{"line":34,"column":56}}],"line":34},"8":{"loc":{"start":{"line":37,"column":2},"end":{"line":40,"column":3}},"type":"if","locations":[{"start":{"line":37,"column":2},"end":{"line":40,"column":3}},{"start":{},"end":{}}],"line":37},"9":{"loc":{"start":{"line":39,"column":4},"end":{"line":39,"column":30}},"type":"if","locations":[{"start":{"line":39,"column":4},"end":{"line":39,"column":30}},{"start":{},"end":{}}],"line":39},"10":{"loc":{"start":{"line":60,"column":2},"end":{"line":60,"column":58}},"type":"if","locations":[{"start":{"line":60,"column":2},"end":{"line":60,"column":58}},{"start":{},"end":{}}],"line":60},"11":{"loc":{"start":{"line":68,"column":2},"end":{"line":68,"column":80}},"type":"if","locations":[{"start":{"line":68,"column":2},"end":{"line":68,"column":80}},{"start":{},"end":{}}],"line":68},"12":{"loc":{"start":{"line":75,"column":4},"end":{"line":77,"column":5}},"type":"if","locations":[{"start":{"line":75,"column":4},"end":{"line":77,"column":5}},{"start":{},"end":{}}],"line":75}},"s":{"0":1,"1":1,"2":1,"3":1,"4":1,"5":1,"6":1,"7":1,"8":2,"9":1,"10":1,"11":3,"12":3,"13":3,"14":3,"15":2,"16":0,"17":0,"18":1,"19":2,"20":2,"21":2,"22":2,"23":2,"24":2,"25":0,"26":2,"27":2,"28":1,"29":2,"30":2,"31":2,"32":1,"33":1,"34":1,"35":0,"36":1,"37":1,"38":1,"39":1,"40":0,"41":0,"42":0,"43":1,"44":0,"45":0,"46":0,"47":1},"f":{"0":2,"1":3,"2":3,"3":2,"4":1,"5":1,"6":0},"b":{"0":[1,1],"1":[2,1],"2":[0,0],"3":[0,0],"4":[0,0],"5":[2],"6":[2],"7":[2,2],"8":[2,0],"9":[0,2],"10":[2,0],"11":[0,1],"12":[0,0]},"_coverageSchema":"1a1c01bbd47fc00a2c39e90264f33305004495a9","hash":"24f66c5dfd5bdee352535acc074e355832601c29"}
,"C:\\Users\\Admin\\Desktop\\nexus-hr-system\\nexus-hr-system\\employee-service\\routes\\employee.js": {"path":"C:\\Users\\Admin\\Desktop\\nexus-hr-system\\nexus-hr-system\\employee-service\\routes\\employee.js","statementMap":{"0":{"start":{"line":1,"column":24},"end":{"line":1,"column":42}},"1":{"start":{"line":2,"column":24},"end":{"line":2,"column":38}},"2":{"start":{"line":3,"column":24},"end":{"line":3,"column":43}},"3":{"start":{"line":4,"column":24},"end":{"line":4,"column":53}},"4":{"start":{"line":5,"column":24},"end":{"line":5,"column":74}},"5":{"start":{"line":6,"column":24},"end":{"line":6,"column":47}},"6":{"start":{"line":8,"column":17},"end":{"line":8,"column":33}},"7":{"start":{"line":9,"column":17},"end":{"line":9,"column":67}},"8":{"start":{"line":11,"column":22},"end":{"line":16,"column":2}},"9":{"start":{"line":11,"column":30},"end":{"line":16,"column":1}},"10":{"start":{"line":18,"column":23},"end":{"line":29,"column":2}},"11":{"start":{"line":31,"column":29},"end":{"line":34,"column":1}},"12":{"start":{"line":33,"column":13},"end":{"line":33,"column":29}},"13":{"start":{"line":36,"column":20},"end":{"line":36,"column":72}},"14":{"start":{"line":36,"column":28},"end":{"line":36,"column":71}},"15":{"start":{"line":38,"column":15},"end":{"line":45,"column":1}},"16":{"start":{"line":38,"column":23},"end":{"line":45,"column":1}},"17":{"start":{"line":39,"column":2},"end":{"line":44,"column":3}},"18":{"start":{"line":40,"column":19},"end":{"line":40,"column":37}},"19":{"start":{"line":41,"column":4},"end":{"line":41,"column":43}},"20":{"start":{"line":41,"column":26},"end":{"line":41,"column":43}},"21":{"start":{"line":43,"column":4},"end":{"line":43,"column":105}},"22":{"start":{"line":43,"column":26},"end":{"line":43,"column":105}},"23":{"start":{"line":49,"column":0},"end":{"line":78,"column":4}},"24":{"start":{"line":50,"column":76},"end":{"line":50,"column":85}},"25":{"start":{"line":53,"column":25},"end":{"line":53,"column":98}},"26":{"start":{"line":54,"column":19},"end":{"line":54,"column":58}},"27":{"start":{"line":56,"column":2},"end":{"line":59,"column":3}},"28":{"start":{"line":57,"column":19},"end":{"line":57,"column":44}},"29":{"start":{"line":58,"column":4},"end":{"line":58,"column":30}},"30":{"start":{"line":58,"column":16},"end":{"line":58,"column":30}},"31":{"start":{"line":61,"column":17},"end":{"line":63,"column":4}},"32":{"start":{"line":65,"column":15},"end":{"line":74,"column":3}},"33":{"start":{"line":76,"column":2},"end":{"line":76,"column":58}},"34":{"start":{"line":76,"column":22},"end":{"line":76,"column":58}},"35":{"start":{"line":77,"column":2},"end":{"line":77,"column":14}},"36":{"start":{"line":82,"column":0},"end":{"line":87,"column":4}},"37":{"start":{"line":83,"column":20},"end":{"line":83,"column":47}},"38":{"start":{"line":84,"column":2},"end":{"line":84,"column":93}},"39":{"start":{"line":84,"column":18},"end":{"line":84,"column":93}},"40":{"start":{"line":85,"column":19},"end":{"line":85,"column":70}},"41":{"start":{"line":86,"column":2},"end":{"line":86,"column":31}},"42":{"start":{"line":91,"column":0},"end":{"line":99,"column":4}},"43":{"start":{"line":92,"column":20},"end":{"line":92,"column":47}},"44":{"start":{"line":93,"column":2},"end":{"line":93,"column":93}},"45":{"start":{"line":93,"column":18},"end":{"line":93,"column":93}},"46":{"start":{"line":95,"column":19},"end":{"line":95,"column":70}},"47":{"start":{"line":96,"column":19},"end":{"line":96,"column":113}},"48":{"start":{"line":97,"column":2},"end":{"line":97,"column":47}},"49":{"start":{"line":98,"column":2},"end":{"line":98,"column":30}},"50":{"start":{"line":103,"column":0},"end":{"line":106,"column":4}},"51":{"start":{"line":104,"column":19},"end":{"line":104,"column":67}},"52":{"start":{"line":105,"column":2},"end":{"line":105,"column":31}},"53":{"start":{"line":110,"column":0},"end":{"line":128,"column":4}},"54":{"start":{"line":111,"column":27},"end":{"line":111,"column":60}},"55":{"start":{"line":112,"column":2},"end":{"line":112,"column":80}},"56":{"start":{"line":112,"column":13},"end":{"line":112,"column":80}},"57":{"start":{"line":114,"column":2},"end":{"line":127,"column":3}},"58":{"start":{"line":115,"column":21},"end":{"line":115,"column":64}},"59":{"start":{"line":116,"column":4},"end":{"line":116,"column":49}},"60":{"start":{"line":119,"column":4},"end":{"line":119,"column":79}},"61":{"start":{"line":121,"column":4},"end":{"line":121,"column":48}},"62":{"start":{"line":123,"column":4},"end":{"line":125,"column":5}},"63":{"start":{"line":124,"column":6},"end":{"line":124,"column":71}},"64":{"start":{"line":126,"column":4},"end":{"line":126,"column":14}},"65":{"start":{"line":132,"column":0},"end":{"line":167,"column":4}},"66":{"start":{"line":133,"column":20},"end":{"line":133,"column":46}},"67":{"start":{"line":134,"column":20},"end":{"line":134,"column":47}},"68":{"start":{"line":136,"column":27},"end":{"line":136,"column":66}},"69":{"start":{"line":137,"column":2},"end":{"line":137,"column":80}},"70":{"start":{"line":137,"column":13},"end":{"line":137,"column":80}},"71":{"start":{"line":139,"column":2},"end":{"line":151,"column":3}},"72":{"start":{"line":140,"column":26},"end":{"line":140,"column":95}},"73":{"start":{"line":140,"column":90},"end":{"line":140,"column":94}},"74":{"start":{"line":141,"column":4},"end":{"line":143,"column":5}},"75":{"start":{"line":142,"column":6},"end":{"line":142,"column":99}},"76":{"start":{"line":144,"column":19},"end":{"line":144,"column":67}},"77":{"start":{"line":145,"column":4},"end":{"line":147,"column":5}},"78":{"start":{"line":146,"column":6},"end":{"line":146,"column":93}},"79":{"start":{"line":148,"column":4},"end":{"line":148,"column":24}},"80":{"start":{"line":149,"column":4},"end":{"line":149,"column":30}},"81":{"start":{"line":150,"column":4},"end":{"line":150,"column":27}},"82":{"start":{"line":153,"column":2},"end":{"line":166,"column":3}},"83":{"start":{"line":154,"column":20},"end":{"line":154,"column":78}},"84":{"start":{"line":155,"column":4},"end":{"line":155,"column":49}},"85":{"start":{"line":158,"column":4},"end":{"line":158,"column":78}},"86":{"start":{"line":160,"column":4},"end":{"line":160,"column":35}},"87":{"start":{"line":162,"column":4},"end":{"line":164,"column":5}},"88":{"start":{"line":163,"column":6},"end":{"line":163,"column":71}},"89":{"start":{"line":165,"column":4},"end":{"line":165,"column":14}},"90":{"start":{"line":171,"column":0},"end":{"line":179,"column":4}},"91":{"start":{"line":172,"column":17},"end":{"line":172,"column":68}},"92":{"start":{"line":173,"column":2},"end":{"line":173,"column":47}},"93":{"start":{"line":176,"column":2},"end":{"line":176,"column":90}},"94":{"start":{"line":178,"column":2},"end":{"line":178,"column":16}},"95":{"start":{"line":181,"column":0},"end":{"line":181,"column":24}}},"fnMap":{"0":{"name":"(anonymous_0)","decl":{"start":{"line":11,"column":22},"end":{"line":11,"column":23}},"loc":{"start":{"line":11,"column":30},"end":{"line":16,"column":1}},"line":11},"1":{"name":"(anonymous_1)","decl":{"start":{"line":33,"column":2},"end":{"line":33,"column":3}},"loc":{"start":{"line":33,"column":13},"end":{"line":33,"column":29}},"line":33},"2":{"name":"(anonymous_2)","decl":{"start":{"line":36,"column":20},"end":{"line":36,"column":21}},"loc":{"start":{"line":36,"column":28},"end":{"line":36,"column":71}},"line":36},"3":{"name":"(anonymous_3)","decl":{"start":{"line":38,"column":15},"end":{"line":38,"column":16}},"loc":{"start":{"line":38,"column":23},"end":{"line":45,"column":1}},"line":38},"4":{"name":"(anonymous_4)","decl":{"start":{"line":38,"column":23},"end":{"line":38,"column":24}},"loc":{"start":{"line":38,"column":43},"end":{"line":45,"column":1}},"line":38},"5":{"name":"(anonymous_5)","decl":{"start":{"line":49,"column":23},"end":{"line":49,"column":24}},"loc":{"start":{"line":49,"column":43},"end":{"line":78,"column":1}},"line":49},"6":{"name":"(anonymous_6)","decl":{"start":{"line":82,"column":25},"end":{"line":82,"column":26}},"loc":{"start":{"line":82,"column":40},"end":{"line":87,"column":1}},"line":82},"7":{"name":"(anonymous_7)","decl":{"start":{"line":91,"column":25},"end":{"line":91,"column":26}},"loc":{"start":{"line":91,"column":40},"end":{"line":99,"column":1}},"line":91},"8":{"name":"(anonymous_8)","decl":{"start":{"line":103,"column":26},"end":{"line":103,"column":27}},"loc":{"start":{"line":103,"column":41},"end":{"line":106,"column":1}},"line":103},"9":{"name":"(anonymous_9)","decl":{"start":{"line":110,"column":46},"end":{"line":110,"column":47}},"loc":{"start":{"line":110,"column":66},"end":{"line":128,"column":1}},"line":110},"10":{"name":"(anonymous_10)","decl":{"start":{"line":132,"column":59},"end":{"line":132,"column":60}},"loc":{"start":{"line":132,"column":79},"end":{"line":167,"column":1}},"line":132},"11":{"name":"(anonymous_11)","decl":{"start":{"line":140,"column":84},"end":{"line":140,"column":85}},"loc":{"start":{"line":140,"column":90},"end":{"line":140,"column":94}},"line":140},"12":{"name":"(anonymous_12)","decl":{"start":{"line":171,"column":51},"end":{"line":171,"column":52}},"loc":{"start":{"line":171,"column":66},"end":{"line":179,"column":1}},"line":171}},"branchMap":{"0":{"loc":{"start":{"line":9,"column":17},"end":{"line":9,"column":67}},"type":"binary-expr","locations":[{"start":{"line":9,"column":17},"end":{"line":9,"column":40}},{"start":{"line":9,"column":44},"end":{"line":9,"column":67}}],"line":9},"1":{"loc":{"start":{"line":41,"column":4},"end":{"line":41,"column":43}},"type":"if","locations":[{"start":{"line":41,"column":4},"end":{"line":41,"column":43}},{"start":{},"end":{}}],"line":41},"2":{"loc":{"start":{"line":43,"column":4},"end":{"line":43,"column":105}},"type":"if","locations":[{"start":{"line":43,"column":4},"end":{"line":43,"column":105}},{"start":{},"end":{}}],"line":43},"3":{"loc":{"start":{"line":43,"column":37},"end":{"line":43,"column":54}},"type":"binary-expr","locations":[{"start":{"line":43,"column":37},"end":{"line":43,"column":47}},{"start":{"line":43,"column":51},"end":{"line":43,"column":54}}],"line":43},"4":{"loc":{"start":{"line":43,"column":72},"end":{"line":43,"column":101}},"type":"binary-expr","locations":[{"start":{"line":43,"column":72},"end":{"line":43,"column":83}},{"start":{"line":43,"column":87},"end":{"line":43,"column":101}}],"line":43},"5":{"loc":{"start":{"line":50,"column":10},"end":{"line":50,"column":18}},"type":"default-arg","locations":[{"start":{"line":50,"column":17},"end":{"line":50,"column":18}}],"line":50},"6":{"loc":{"start":{"line":50,"column":20},"end":{"line":50,"column":30}},"type":"default-arg","locations":[{"start":{"line":50,"column":28},"end":{"line":50,"column":30}}],"line":50},"7":{"loc":{"start":{"line":53,"column":25},"end":{"line":53,"column":98}},"type":"binary-expr","locations":[{"start":{"line":53,"column":25},"end":{"line":53,"column":32}},{"start":{"line":53,"column":36},"end":{"line":53,"column":49}},{"start":{"line":53,"column":53},"end":{"line":53,"column":63}},{"start":{"line":53,"column":67},"end":{"line":53,"column":74}},{"start":{"line":53,"column":78},"end":{"line":53,"column":98}}],"line":53},"8":{"loc":{"start":{"line":56,"column":2},"end":{"line":59,"column":3}},"type":"if","locations":[{"start":{"line":56,"column":2},"end":{"line":59,"column":3}},{"start":{},"end":{}}],"line":56},"9":{"loc":{"start":{"line":58,"column":4},"end":{"line":58,"column":30}},"type":"if","locations":[{"start":{"line":58,"column":4},"end":{"line":58,"column":30}},{"start":{},"end":{}}],"line":58},"10":{"loc":{"start":{"line":76,"column":2},"end":{"line":76,"column":58}},"type":"if","locations":[{"start":{"line":76,"column":2},"end":{"line":76,"column":58}},{"start":{},"end":{}}],"line":76},"11":{"loc":{"start":{"line":84,"column":2},"end":{"line":84,"column":93}},"type":"if","locations":[{"start":{"line":84,"column":2},"end":{"line":84,"column":93}},{"start":{},"end":{}}],"line":84},"12":{"loc":{"start":{"line":93,"column":2},"end":{"line":93,"column":93}},"type":"if","locations":[{"start":{"line":93,"column":2},"end":{"line":93,"column":93}},{"start":{},"end":{}}],"line":93},"13":{"loc":{"start":{"line":96,"column":78},"end":{"line":96,"column":110}},"type":"binary-expr","locations":[{"start":{"line":96,"column":78},"end":{"line":96,"column":92}},{"start":{"line":96,"column":96},"end":{"line":96,"column":110}}],"line":96},"14":{"loc":{"start":{"line":112,"column":2},"end":{"line":112,"column":80}},"type":"if","locations":[{"start":{"line":112,"column":2},"end":{"line":112,"column":80}},{"start":{},"end":{}}],"line":112},"15":{"loc":{"start":{"line":123,"column":4},"end":{"line":125,"column":5}},"type":"if","locations":[{"start":{"line":123,"column":4},"end":{"line":125,"column":5}},{"start":{},"end":{}}],"line":123},"16":{"loc":{"start":{"line":137,"column":2},"end":{"line":137,"column":80}},"type":"if","locations":[{"start":{"line":137,"column":2},"end":{"line":137,"column":80}},{"start":{},"end":{}}],"line":137},"17":{"loc":{"start":{"line":139,"column":2},"end":{"line":151,"column":3}},"type":"if","locations":[{"start":{"line":139,"column":2},"end":{"line":151,"column":3}},{"start":{},"end":{}}],"line":139},"18":{"loc":{"start":{"line":141,"column":4},"end":{"line":143,"column":5}},"type":"if","locations":[{"start":{"line":141,"column":4},"end":{"line":143,"column":5}},{"start":{},"end":{}}],"line":141},"19":{"loc":{"start":{"line":145,"column":4},"end":{"line":147,"column":5}},"type":"if","locations":[{"start":{"line":145,"column":4},"end":{"line":147,"column":5}},{"start":{},"end":{}}],"line":145},"20":{"loc":{"start":{"line":162,"column":4},"end":{"line":164,"column":5}},"type":"if","locations":[{"start":{"line":162,"column":4},"end":{"line":164,"column":5}},{"start":{},"end":{}}],"line":162}},"s":{"0":1,"1":1,"2":1,"3":1,"4":1,"5":1,"6":1,"7":1,"8":1,"9":3,"10":1,"11":1,"12":3,"13":1,"14":3,"15":1,"16":7,"17":7,"18":7,"19":7,"20":3,"21":0,"22":0,"23":1,"24":3,"25":3,"26":3,"27":3,"28":3,"29":3,"30":0,"31":3,"32":3,"33":3,"34":3,"35":3,"36":1,"37":0,"38":0,"39":0,"40":0,"41":0,"42":1,"43":0,"44":0,"45":0,"46":0,"47":0,"48":0,"49":0,"50":1,"51":0,"52":0,"53":1,"54":4,"55":4,"56":1,"57":3,"58":3,"59":2,"60":2,"61":2,"62":1,"63":1,"64":0,"65":1,"66":0,"67":0,"68":0,"69":0,"70":0,"71":0,"72":0,"73":0,"74":0,"75":0,"76":0,"77":0,"78":0,"79":0,"80":0,"81":0,"82":0,"83":0,"84":0,"85":0,"86":0,"87":0,"88":0,"89":0,"90":1,"91":0,"92":0,"93":0,"94":0,"95":1},"f":{"0":3,"1":3,"2":3,"3":7,"4":7,"5":3,"6":0,"7":0,"8":0,"9":4,"10":0,"11":0,"12":0},"b":{"0":[1,1],"1":[3,4],"2":[0,0],"3":[0,0],"4":[0,0],"5":[3],"6":[3],"7":[3,3,3,3,3],"8":[3,0],"9":[0,3],"10":[3,0],"11":[0,0],"12":[0,0],"13":[0,0],"14":[1,3],"15":[1,0],"16":[0,0],"17":[0,0],"18":[0,0],"19":[0,0],"20":[0,0]},"_coverageSchema":"1a1c01bbd47fc00a2c39e90264f33305004495a9","hash":"e7e6f69397ac1b1098ac0a3f67a7c6fe0abe3e9c"}
}
