TN:
SF:application\services\DepartmentService.js
FN:3,(anonymous_0)
FN:6,(anonymous_1)
FN:10,(anonymous_2)
FN:14,(anonymous_3)
FNF:4
FNH:2
FNDA:0,(anonymous_0)
FNDA:2,(anonymous_1)
FNDA:1,(anonymous_2)
FNDA:0,(anonymous_3)
DA:1,1
DA:3,1
DA:7,2
DA:11,1
DA:15,0
DA:16,0
DA:17,0
DA:21,1
LF:8
LH:5
BRDA:6,0,0,0
BRDA:6,1,0,0
BRDA:6,2,0,0
BRDA:16,3,0,0
BRDA:16,3,1,0
BRF:5
BRH:0
end_of_record
TN:
SF:application\services\EmployeeService.js
FN:3,(anonymous_0)
FN:6,(anonymous_1)
FN:10,(anonymous_2)
FN:16,(anonymous_3)
FN:22,(anonymous_4)
FN:26,(anonymous_5)
FN:32,(anonymous_6)
FNF:7
FNH:2
FNDA:0,(anonymous_0)
FNDA:3,(anonymous_1)
FNDA:0,(anonymous_2)
FNDA:0,(anonymous_3)
FNDA:3,(anonymous_4)
FNDA:0,(anonymous_5)
FNDA:0,(anonymous_6)
DA:1,1
DA:3,1
DA:7,3
DA:11,0
DA:12,0
DA:13,0
DA:17,0
DA:18,0
DA:19,0
DA:23,3
DA:27,0
DA:28,0
DA:29,0
DA:33,0
DA:34,0
DA:35,0
DA:39,1
LF:17
LH:5
BRDA:6,0,0,0
BRDA:6,1,0,0
BRDA:6,2,0,0
BRDA:12,3,0,0
BRDA:12,3,1,0
BRDA:18,4,0,0
BRDA:18,4,1,0
BRDA:28,5,0,0
BRDA:28,5,1,0
BRDA:34,6,0,0
BRDA:34,6,1,0
BRF:11
BRH:0
end_of_record
TN:
SF:domain\repositories\IDepartmentRepository.js
FN:2,(anonymous_0)
FN:3,(anonymous_1)
FN:4,(anonymous_2)
FN:5,(anonymous_3)
FNF:4
FNH:0
FNDA:0,(anonymous_0)
FNDA:0,(anonymous_1)
FNDA:0,(anonymous_2)
FNDA:0,(anonymous_3)
DA:2,0
DA:3,0
DA:4,0
DA:5,0
DA:8,1
LF:5
LH:1
BRF:0
BRH:0
end_of_record
TN:
SF:domain\repositories\IEmployeeRepository.js
FN:2,(anonymous_0)
FN:3,(anonymous_1)
FN:4,(anonymous_2)
FN:5,(anonymous_3)
FN:6,(anonymous_4)
FN:7,(anonymous_5)
FNF:6
FNH:0
FNDA:0,(anonymous_0)
FNDA:0,(anonymous_1)
FNDA:0,(anonymous_2)
FNDA:0,(anonymous_3)
FNDA:0,(anonymous_4)
FNDA:0,(anonymous_5)
DA:2,0
DA:3,0
DA:4,0
DA:5,0
DA:6,0
DA:7,0
DA:10,1
LF:7
LH:1
BRF:0
BRH:0
end_of_record
TN:
SF:infrastructure\repositories\DepartmentRepository.js
FN:6,(anonymous_0)
FN:10,(anonymous_1)
FN:23,(anonymous_2)
FN:30,(anonymous_3)
FN:35,(anonymous_4)
FN:43,(anonymous_5)
FN:47,(anonymous_6)
FN:51,(anonymous_7)
FNF:8
FNH:4
FNDA:0,(anonymous_0)
FNDA:2,(anonymous_1)
FNDA:1,(anonymous_2)
FNDA:0,(anonymous_3)
FNDA:1,(anonymous_4)
FNDA:0,(anonymous_5)
FNDA:1,(anonymous_6)
FNDA:0,(anonymous_7)
DA:1,1
DA:2,1
DA:3,1
DA:4,1
DA:6,1
DA:7,1
DA:11,2
DA:12,2
DA:13,2
DA:15,2
DA:23,2
DA:24,2
DA:29,2
DA:30,2
DA:31,0
DA:34,2
DA:35,1
DA:44,0
DA:48,1
DA:52,0
DA:53,0
DA:55,0
DA:56,0
DA:57,0
DA:60,0
DA:61,0
DA:65,1
LF:27
LH:18
BRDA:7,0,0,1
BRDA:7,0,1,0
BRDA:10,1,0,0
BRDA:10,2,0,0
BRDA:10,3,0,0
BRDA:13,4,0,0
BRDA:13,4,1,2
BRDA:31,5,0,0
BRDA:31,5,1,0
BRDA:35,6,0,1
BRDA:35,6,1,1
BRDA:53,7,0,0
BRDA:53,7,1,0
BRDA:56,8,0,0
BRDA:56,8,1,0
BRF:15
BRH:4
end_of_record
TN:
SF:infrastructure\repositories\EmployeeRepository.js
FN:15,(anonymous_0)
FN:49,(anonymous_1)
FN:53,(anonymous_2)
FN:57,(anonymous_3)
FN:62,(anonymous_4)
FN:69,(anonymous_5)
FNF:6
FNH:2
FNDA:3,(anonymous_0)
FNDA:0,(anonymous_1)
FNDA:0,(anonymous_2)
FNDA:3,(anonymous_3)
FNDA:0,(anonymous_4)
FNDA:0,(anonymous_5)
DA:1,1
DA:2,1
DA:3,1
DA:4,1
DA:6,1
DA:12,1
DA:16,3
DA:17,3
DA:19,3
DA:20,3
DA:21,3
DA:22,3
DA:23,0
DA:31,3
DA:40,3
DA:50,0
DA:54,0
DA:58,3
DA:59,2
DA:63,0
DA:64,0
DA:65,0
DA:66,0
DA:70,0
DA:71,0
DA:72,0
DA:73,0
DA:77,1
LF:28
LH:17
BRDA:12,0,0,1
BRDA:12,0,1,0
BRDA:15,1,0,0
BRDA:15,2,0,0
BRDA:15,3,0,0
BRDA:19,4,0,0
BRDA:19,4,1,3
BRDA:20,5,0,0
BRDA:20,5,1,3
BRDA:21,6,0,0
BRDA:21,6,1,3
BRDA:22,7,0,0
BRDA:22,7,1,3
BRDA:64,8,0,0
BRDA:64,8,1,0
BRDA:71,9,0,0
BRDA:71,9,1,0
BRF:17
BRH:5
end_of_record
TN:
SF:middleware\auth.js
FN:5,(anonymous_0)
FN:5,(anonymous_1)
FNF:2
FNH:2
FNDA:5,(anonymous_0)
FNDA:9,(anonymous_1)
DA:5,5
DA:6,9
DA:7,9
DA:8,1
DA:10,8
DA:11,3
DA:13,5
DA:16,1
LF:8
LH:8
BRDA:7,0,0,1
BRDA:7,0,1,8
BRDA:10,1,0,3
BRDA:10,1,1,5
BRF:4
BRH:4
end_of_record
TN:
SF:models\Department.js
FNF:0
FNH:0
DA:1,1
DA:2,1
DA:4,1
DA:12,1
LF:4
LH:4
BRF:0
BRH:0
end_of_record
TN:
SF:models\Employee.js
FNF:0
FNH:0
DA:1,1
DA:2,1
DA:4,1
DA:23,1
LF:4
LH:4
BRF:0
BRH:0
end_of_record
TN:
SF:routes\department.js
FN:10,(anonymous_0)
FN:20,(anonymous_1)
FN:20,(anonymous_2)
FN:31,(anonymous_3)
FN:48,(anonymous_4)
FN:66,(anonymous_5)
FN:84,(anonymous_6)
FNF:7
FNH:6
FNDA:2,(anonymous_0)
FNDA:3,(anonymous_1)
FNDA:3,(anonymous_2)
FNDA:2,(anonymous_3)
FNDA:1,(anonymous_4)
FNDA:1,(anonymous_5)
FNDA:0,(anonymous_6)
DA:1,1
DA:2,1
DA:3,1
DA:4,1
DA:5,1
DA:7,1
DA:8,1
DA:10,2
DA:16,1
DA:20,3
DA:21,3
DA:22,3
DA:23,3
DA:25,0
DA:31,1
DA:32,2
DA:34,2
DA:35,2
DA:37,2
DA:38,2
DA:39,2
DA:42,2
DA:46,2
DA:48,1
DA:60,2
DA:61,2
DA:66,1
DA:67,1
DA:68,1
DA:70,1
DA:71,1
DA:72,1
DA:73,1
DA:75,0
DA:76,0
DA:78,0
DA:84,1
DA:85,0
DA:86,0
DA:87,0
DA:90,1
LF:41
LH:34
BRDA:8,0,0,1
BRDA:8,0,1,1
BRDA:23,1,0,2
BRDA:23,1,1,1
BRDA:25,2,0,0
BRDA:25,2,1,0
BRDA:25,3,0,0
BRDA:25,3,1,0
BRDA:25,4,0,0
BRDA:25,4,1,0
BRDA:32,5,0,2
BRDA:32,6,0,2
BRDA:34,7,0,2
BRDA:34,7,1,2
BRDA:37,8,0,2
BRDA:37,8,1,0
BRDA:39,9,0,0
BRDA:39,9,1,2
BRDA:60,10,0,2
BRDA:60,10,1,0
BRDA:68,11,0,0
BRDA:68,11,1,1
BRDA:75,12,0,0
BRDA:75,12,1,0
BRF:24
BRH:12
end_of_record
TN:
SF:routes\employee.js
FN:11,(anonymous_0)
FN:33,(anonymous_1)
FN:36,(anonymous_2)
FN:38,(anonymous_3)
FN:38,(anonymous_4)
FN:49,(anonymous_5)
FN:82,(anonymous_6)
FN:91,(anonymous_7)
FN:103,(anonymous_8)
FN:110,(anonymous_9)
FN:132,(anonymous_10)
FN:140,(anonymous_11)
FN:171,(anonymous_12)
FNF:13
FNH:7
FNDA:3,(anonymous_0)
FNDA:3,(anonymous_1)
FNDA:3,(anonymous_2)
FNDA:7,(anonymous_3)
FNDA:7,(anonymous_4)
FNDA:3,(anonymous_5)
FNDA:0,(anonymous_6)
FNDA:0,(anonymous_7)
FNDA:0,(anonymous_8)
FNDA:4,(anonymous_9)
FNDA:0,(anonymous_10)
FNDA:0,(anonymous_11)
FNDA:0,(anonymous_12)
DA:1,1
DA:2,1
DA:3,1
DA:4,1
DA:5,1
DA:6,1
DA:8,1
DA:9,1
DA:11,3
DA:18,1
DA:31,1
DA:33,3
DA:36,3
DA:38,7
DA:39,7
DA:40,7
DA:41,7
DA:43,0
DA:49,1
DA:50,3
DA:53,3
DA:54,3
DA:56,3
DA:57,3
DA:58,3
DA:61,3
DA:65,3
DA:76,3
DA:77,3
DA:82,1
DA:83,0
DA:84,0
DA:85,0
DA:86,0
DA:91,1
DA:92,0
DA:93,0
DA:95,0
DA:96,0
DA:97,0
DA:98,0
DA:103,1
DA:104,0
DA:105,0
DA:110,1
DA:111,4
DA:112,4
DA:114,3
DA:115,3
DA:116,2
DA:119,2
DA:121,2
DA:123,1
DA:124,1
DA:126,0
DA:132,1
DA:133,0
DA:134,0
DA:136,0
DA:137,0
DA:139,0
DA:140,0
DA:141,0
DA:142,0
DA:144,0
DA:145,0
DA:146,0
DA:148,0
DA:149,0
DA:150,0
DA:153,0
DA:154,0
DA:155,0
DA:158,0
DA:160,0
DA:162,0
DA:163,0
DA:165,0
DA:171,1
DA:172,0
DA:173,0
DA:176,0
DA:178,0
DA:181,1
LF:84
LH:44
BRDA:9,0,0,1
BRDA:9,0,1,1
BRDA:41,1,0,3
BRDA:41,1,1,4
BRDA:43,2,0,0
BRDA:43,2,1,0
BRDA:43,3,0,0
BRDA:43,3,1,0
BRDA:43,4,0,0
BRDA:43,4,1,0
BRDA:50,5,0,3
BRDA:50,6,0,3
BRDA:53,7,0,3
BRDA:53,7,1,3
BRDA:53,7,2,3
BRDA:53,7,3,3
BRDA:53,7,4,3
BRDA:56,8,0,3
BRDA:56,8,1,0
BRDA:58,9,0,0
BRDA:58,9,1,3
BRDA:76,10,0,3
BRDA:76,10,1,0
BRDA:84,11,0,0
BRDA:84,11,1,0
BRDA:93,12,0,0
BRDA:93,12,1,0
BRDA:96,13,0,0
BRDA:96,13,1,0
BRDA:112,14,0,1
BRDA:112,14,1,3
BRDA:123,15,0,1
BRDA:123,15,1,0
BRDA:137,16,0,0
BRDA:137,16,1,0
BRDA:139,17,0,0
BRDA:139,17,1,0
BRDA:141,18,0,0
BRDA:141,18,1,0
BRDA:145,19,0,0
BRDA:145,19,1,0
BRDA:162,20,0,0
BRDA:162,20,1,0
BRF:43
BRH:17
end_of_record
